<?xml version="1.0" encoding="utf-8"?><testsuites name="pytest tests"><testsuite name="pytest" errors="0" failures="0" skipped="0" tests="5" time="11.805" timestamp="2026-06-23T00:45:57.694568+00:00" hostname="agent-env-b5bdc974-d281-49b4-ae00-02a351f61a60"><testcase classname="backend.tests.test_phase4_iter3.TestTopFundsRegularPlans" name="test_15_funds_returned" time="0.219" /><testcase classname="backend.tests.test_phase4_iter3.TestTopFundsRegularPlans" name="test_expected_codes_present" time="0.000" /><testcase classname="backend.tests.test_phase4_iter3.TestTopFundsRegularPlans" name="test_no_direct_plan_in_names" time="0.000" /><testcase classname="backend.tests.test_phase4_iter3.TestTopFundsRegularPlans" name="test_nav_and_returns_populated" time="0.000" /><testcase classname="backend.tests.test_phase4_iter3.TestAIRegularPlanEnforcement" name="test_ai_redirects_direct_plan_request_to_regular" time="11.517" /></testsuite></testsuites>