<?xml version="1.0" encoding="utf-8"?><testsuites name="pytest tests"><testsuite name="pytest" errors="0" failures="0" skipped="0" tests="4" time="15.558" timestamp="2026-06-23T00:19:24.648836+00:00" hostname="agent-env-b5bdc974-d281-49b4-ae00-02a351f61a60"><testcase classname="backend.tests.test_phase4_ai.TestAIChat" name="test_ai_chat_stream_returns_finance_content" time="13.076" /><testcase classname="backend.tests.test_phase4_ai.TestAIChat" name="test_ai_history_persisted" time="2.190" /><testcase classname="backend.tests.test_phase4_ai.TestAIChat" name="test_ai_history_empty_for_unknown" time="0.108" /><testcase classname="backend.tests.test_phase4_ai.TestAIChat" name="test_ai_chat_validation_short_message" time="0.119" /></testsuite></testsuites>