<?xml version="1.0" encoding="utf-8"?><testsuites name="pytest tests"><testsuite name="pytest" errors="0" failures="0" skipped="0" tests="13" time="3.873" timestamp="2026-06-22T23:55:08.481439+00:00" hostname="agent-env-b5bdc974-d281-49b4-ae00-02a351f61a60"><testcase classname="backend.tests.test_phase4" name="test_root" time="0.248" /><testcase classname="backend.tests.test_phase4.TestReviews" name="test_create_review_valid" time="0.049" /><testcase classname="backend.tests.test_phase4.TestReviews" name="test_create_review_short_message" time="0.047" /><testcase classname="backend.tests.test_phase4.TestReviews" name="test_create_review_bad_rating" time="0.045" /><testcase classname="backend.tests.test_phase4.TestReviews" name="test_list_reviews_contains_created" time="0.044" /><testcase classname="backend.tests.test_phase4.TestReviews" name="test_review_stats" time="0.045" /><testcase classname="backend.tests.test_phase4.TestContact" name="test_contact_required_only" time="0.047" /><testcase classname="backend.tests.test_phase4.TestContact" name="test_contact_full" time="0.045" /><testcase classname="backend.tests.test_phase4.TestContact" name="test_contact_missing_phone" time="0.045" /><testcase classname="backend.tests.test_phase4.TestMFData" name="test_top_funds" time="0.158" /><testcase classname="backend.tests.test_phase4.TestMFData" name="test_search_parag" time="1.827" /><testcase classname="backend.tests.test_phase4.TestMFData" name="test_fund_detail_parag_flexi" time="0.054" /><testcase classname="backend.tests.test_phase4.TestMFData" name="test_fund_detail_invalid" time="0.857" /></testsuite></testsuites>